::1 - - [17/Dec/2025:21:21:45 +0700] "GET / HTTP/1.1" 200 209
::1 - - [17/Dec/2025:21:21:45 +0700] "GET /favicon.ico HTTP/1.1" 404 196
::1 - - [17/Dec/2025:21:21:47 +0700] "GET /UAS-PEMWEB/ HTTP/1.1" 200 10691
::1 - - [17/Dec/2025:21:21:47 +0700] "GET /UAS-PEMWEB/style.css HTTP/1.1" 200 22880
::1 - - [17/Dec/2025:21:22:45 +0700] "-" 408 -
::1 - - [17/Dec/2025:21:39:55 +0700] "GET /UAS-PEMWEB/ HTTP/1.1" 200 10691
::1 - - [17/Dec/2025:21:39:56 +0700] "GET /UAS-PEMWEB/style.css HTTP/1.1" 200 23102
::1 - - [17/Dec/2025:21:40:15 +0700] "GET /UAS-PEMWEB/project.php HTTP/1.1" 200 18490
::1 - - [17/Dec/2025:21:40:15 +0700] "GET /UAS-PEMWEB/style.css HTTP/1.1" 304 -
::1 - - [17/Dec/2025:21:40:26 +0700] "GET /UAS-PEMWEB/about.php HTTP/1.1" 200 20099
::1 - - [17/Dec/2025:21:40:26 +0700] "GET /UAS-PEMWEB/style.css HTTP/1.1" 304 -
::1 - - [17/Dec/2025:21:40:28 +0700] "GET /UAS-PEMWEB/index.php HTTP/1.1" 200 10691
::1 - - [17/Dec/2025:21:41:26 +0700] "-" 408 -
::1 - - [17/Dec/2025:21:41:35 +0700] "GET /UAS-PEMWEB/login.php HTTP/1.1" 200 7540
::1 - - [17/Dec/2025:21:41:35 +0700] "GET /UAS-PEMWEB/style.css HTTP/1.1" 304 -
::1 - - [17/Dec/2025:21:41:44 +0700] "POST /UAS-PEMWEB/login.php HTTP/1.1" 302 -
::1 - - [17/Dec/2025:21:41:44 +0700] "GET /UAS-PEMWEB/admin.php HTTP/1.1" 200 24989
::1 - - [17/Dec/2025:21:41:53 +0700] "GET /UAS-PEMWEB/admin.php?delete_id=6 HTTP/1.1" 200 23036
::1 - - [17/Dec/2025:21:41:53 +0700] "GET /UAS-PEMWEB/style.css HTTP/1.1" 304 -
::1 - - [17/Dec/2025:21:41:57 +0700] "GET /UAS-PEMWEB/admin.php?delete_id=5 HTTP/1.1" 200 20956
::1 - - [17/Dec/2025:21:42:00 +0700] "GET /UAS-PEMWEB/admin.php?delete_id=4 HTTP/1.1" 200 18872
::1 - - [17/Dec/2025:21:42:06 +0700] "GET /UAS-PEMWEB/admin.php?delete_id=3 HTTP/1.1" 200 16772
::1 - - [17/Dec/2025:21:42:06 +0700] "GET /UAS-PEMWEB/style.css HTTP/1.1" 304 -
::1 - - [17/Dec/2025:21:42:10 +0700] "GET /UAS-PEMWEB/admin.php?delete_id=2 HTTP/1.1" 200 14681
::1 - - [17/Dec/2025:21:42:14 +0700] "GET /UAS-PEMWEB/admin.php?delete_id=1 HTTP/1.1" 200 12889
::1 - - [17/Dec/2025:21:42:16 +0700] "GET /UAS-PEMWEB/admin.php?action=add HTTP/1.1" 200 15937
::1 - - [17/Dec/2025:21:43:06 +0700] "-" 408 -
127.0.0.1 - - [17/Dec/2025:21:44:17 +0700] "\x16\x03\x01\x06\xf9\x01" 400 226
127.0.0.1 - - [17/Dec/2025:21:44:17 +0700] "\x16\x03\x01\x06\xf9\x01" 400 226
127.0.0.1 - - [17/Dec/2025:21:44:17 +0700] "\x16\x03\x01\x06\xd9\x01" 400 226
127.0.0.1 - - [17/Dec/2025:21:44:17 +0700] "\x16\x03\x01\x06\xd9\x01" 400 226
127.0.0.1 - - [17/Dec/2025:21:44:17 +0700] "\x16\x03\x01\x06\xd9\x01" 400 226
127.0.0.1 - - [17/Dec/2025:21:44:17 +0700] "\x16\x03\x01\x07\x19\x01" 400 226
127.0.0.1 - - [17/Dec/2025:21:44:17 +0700] "\x16\x03\x01\x06\xf9\x01" 400 226
127.0.0.1 - - [17/Dec/2025:21:44:17 +0700] "\x16\x03\x01\x06\xf9\x01" 400 226
127.0.0.1 - - [17/Dec/2025:21:44:24 +0700] "\x16\x03\x01\x07\x19\x01" 400 226
127.0.0.1 - - [17/Dec/2025:21:44:24 +0700] "\x16\x03\x01\x07\x19\x01" 400 226
127.0.0.1 - - [17/Dec/2025:21:44:24 +0700] "\x16\x03\x01\x07\x19\x01" 400 226
127.0.0.1 - - [17/Dec/2025:21:44:24 +0700] "\x16\x03\x01\x06\xd9\x01" 400 226
127.0.0.1 - - [17/Dec/2025:21:44:24 +0700] "\x16\x03\x01\x07\x19\x01" 400 226
127.0.0.1 - - [17/Dec/2025:21:44:24 +0700] "\x16\x03\x01\x07\x19\x01" 400 226
127.0.0.1 - - [17/Dec/2025:21:44:28 +0700] "\x16\x03\x01\x07\x14\x01" 400 226
127.0.0.1 - - [17/Dec/2025:21:44:28 +0700] "\x16\x03\x01\x06\xb4\x01" 400 226
::1 - - [17/Dec/2025:21:45:30 +0700] "POST /UAS-PEMWEB/admin.php?action=add HTTP/1.1" 200 17679
::1 - - [17/Dec/2025:21:45:30 +0700] "GET /UAS-PEMWEB/style.css HTTP/1.1" 304 -
::1 - - [17/Dec/2025:21:45:34 +0700] "GET /UAS-PEMWEB/project-detail.php?id=7 HTTP/1.1" 200 4460
::1 - - [17/Dec/2025:21:45:34 +0700] "GET /UAS-PEMWEB/uploads/1765982730_MobileLegendsBangBang_MLBB_appstore_officialart-450x257.jpg HTTP/1.1" 200 29380
::1 - - [17/Dec/2025:21:45:40 +0700] "GET /UAS-PEMWEB/index.php HTTP/1.1" 200 8360
::1 - - [17/Dec/2025:21:45:40 +0700] "GET /UAS-PEMWEB/uploads/1765982730_MobileLegendsBangBang_MLBB_appstore_officialart-450x257.jpg HTTP/1.1" 304 -
::1 - - [17/Dec/2025:21:45:45 +0700] "GET /UAS-PEMWEB/project-detail.php?id=7 HTTP/1.1" 200 4460
::1 - - [17/Dec/2025:21:45:45 +0700] "GET /UAS-PEMWEB/uploads/1765982730_MobileLegendsBangBang_MLBB_appstore_officialart-450x257.jpg HTTP/1.1" 304 -
::1 - - [17/Dec/2025:21:45:49 +0700] "GET /UAS-PEMWEB/login.php HTTP/1.1" 302 -
::1 - - [17/Dec/2025:21:45:49 +0700] "GET /UAS-PEMWEB/admin.php HTTP/1.1" 200 14345
::1 - - [17/Dec/2025:21:45:52 +0700] "GET /UAS-PEMWEB/admin.php?action=edit&id=7 HTTP/1.1" 200 17975
::1 - - [17/Dec/2025:21:46:40 +0700] "-" 408 -
::1 - - [17/Dec/2025:21:47:23 +0700] "POST /UAS-PEMWEB/admin.php?action=edit&id=7 HTTP/1.1" 200 14503
::1 - - [17/Dec/2025:21:47:23 +0700] "GET /UAS-PEMWEB/style.css HTTP/1.1" 304 -
::1 - - [17/Dec/2025:21:47:25 +0700] "GET /UAS-PEMWEB/project-detail.php?id=7 HTTP/1.1" 200 5440
::1 - - [17/Dec/2025:21:47:25 +0700] "GET /UAS-PEMWEB/uploads/1765982730_MobileLegendsBangBang_MLBB_appstore_officialart-450x257.jpg HTTP/1.1" 304 -
::1 - - [17/Dec/2025:21:47:35 +0700] "GET /UAS-PEMWEB/admin.php?action=edit&id=7 HTTP/1.1" 200 18971
::1 - - [17/Dec/2025:21:48:16 +0700] "POST /UAS-PEMWEB/admin.php?action=edit&id=7 HTTP/1.1" 200 14503
::1 - - [17/Dec/2025:21:48:16 +0700] "GET /UAS-PEMWEB/style.css HTTP/1.1" 304 -
::1 - - [17/Dec/2025:21:48:18 +0700] "GET /UAS-PEMWEB/project-detail.php?id=7 HTTP/1.1" 200 5408
::1 - - [17/Dec/2025:21:48:18 +0700] "GET /UAS-PEMWEB/uploads/1765982730_MobileLegendsBangBang_MLBB_appstore_officialart-450x257.jpg HTTP/1.1" 304 -
::1 - - [17/Dec/2025:21:48:24 +0700] "GET /.well-known/appspecific/com.chrome.devtools.json HTTP/1.1" 404 196
::1 - - [17/Dec/2025:21:48:43 +0700] "GET /UAS-PEMWEB/index.php HTTP/1.1" 200 8476
::1 - - [17/Dec/2025:21:48:43 +0700] "GET /UAS-PEMWEB/uploads/1765982730_MobileLegendsBangBang_MLBB_appstore_officialart-450x257.jpg HTTP/1.1" 304 -
::1 - - [17/Dec/2025:21:48:45 +0700] "GET /UAS-PEMWEB/about.php HTTP/1.1" 200 20099
::1 - - [17/Dec/2025:21:49:43 +0700] "-" 408 -
::1 - - [17/Dec/2025:21:52:37 +0700] "GET /UAS-PEMWEB/index.php HTTP/1.1" 200 8485
::1 - - [17/Dec/2025:21:52:38 +0700] "GET /UAS-PEMWEB/style.css HTTP/1.1" 304 -
::1 - - [17/Dec/2025:21:52:38 +0700] "GET /UAS-PEMWEB/uploads/1765982730_MobileLegendsBangBang_MLBB_appstore_officialart-450x257.jpg HTTP/1.1" 304 -
::1 - - [17/Dec/2025:21:52:38 +0700] "GET /UAS-PEMWEB/profile.jpeg HTTP/1.1" 200 132409
::1 - - [17/Dec/2025:21:52:39 +0700] "GET /UAS-PEMWEB/index.php HTTP/1.1" 200 8485
::1 - - [17/Dec/2025:21:55:16 +0700] "GET /UAS-PEMWEB/index.php HTTP/1.1" 200 8426
::1 - - [17/Dec/2025:21:55:16 +0700] "GET /UAS-PEMWEB/uploads/1765982730_MobileLegendsBangBang_MLBB_appstore_officialart-450x257.jpg HTTP/1.1" 304 -
::1 - - [17/Dec/2025:21:55:16 +0700] "GET /UAS-PEMWEB/style.css HTTP/1.1" 200 23272
::1 - - [17/Dec/2025:21:55:16 +0700] "GET /UAS-PEMWEB/profile.jpeg HTTP/1.1" 304 -
::1 - - [17/Dec/2025:21:55:30 +0700] "GET /UAS-PEMWEB/style.css HTTP/1.1" 304 -
::1 - - [17/Dec/2025:21:55:30 +0700] "GET /.well-known/appspecific/com.chrome.devtools.json HTTP/1.1" 404 196
::1 - - [17/Dec/2025:21:56:32 +0700] "GET /UAS-PEMWEB/index.php HTTP/1.1" 200 8426
::1 - - [17/Dec/2025:21:56:32 +0700] "GET /.well-known/appspecific/com.chrome.devtools.json HTTP/1.1" 404 196
::1 - - [17/Dec/2025:21:56:32 +0700] "GET /UAS-PEMWEB/uploads/1765982730_MobileLegendsBangBang_MLBB_appstore_officialart-450x257.jpg HTTP/1.1" 304 -
::1 - - [17/Dec/2025:21:56:32 +0700] "GET /UAS-PEMWEB/style.css HTTP/1.1" 200 23272
::1 - - [17/Dec/2025:21:56:32 +0700] "GET /UAS-PEMWEB/profile.jpeg HTTP/1.1" 304 -
::1 - - [17/Dec/2025:21:56:53 +0700] "GET /UAS-PEMWEB/index.php HTTP/1.1" 200 8426
::1 - - [17/Dec/2025:21:56:53 +0700] "GET /UAS-PEMWEB/style.css HTTP/1.1" 200 23274
::1 - - [17/Dec/2025:21:57:12 +0700] "GET /UAS-PEMWEB/index.php HTTP/1.1" 200 8426
::1 - - [17/Dec/2025:21:57:12 +0700] "GET /UAS-PEMWEB/style.css HTTP/1.1" 200 23309
::1 - - [17/Dec/2025:21:57:12 +0700] "GET /UAS-PEMWEB/profile.jpeg HTTP/1.1" 304 -
::1 - - [17/Dec/2025:21:57:25 +0700] "GET /UAS-PEMWEB/index.php HTTP/1.1" 200 8426
::1 - - [17/Dec/2025:21:57:25 +0700] "GET /UAS-PEMWEB/style.css HTTP/1.1" 200 23307
::1 - - [17/Dec/2025:21:57:43 +0700] "GET /UAS-PEMWEB/index.php HTTP/1.1" 200 8426
::1 - - [17/Dec/2025:21:57:43 +0700] "GET /UAS-PEMWEB/uploads/1765982730_MobileLegendsBangBang_MLBB_appstore_officialart-450x257.jpg HTTP/1.1" 304 -
::1 - - [17/Dec/2025:21:57:43 +0700] "GET /UAS-PEMWEB/style.css HTTP/1.1" 200 23309
::1 - - [17/Dec/2025:21:57:52 +0700] "GET /UAS-PEMWEB/index.php HTTP/1.1" 200 8426
::1 - - [17/Dec/2025:21:57:52 +0700] "GET /UAS-PEMWEB/style.css HTTP/1.1" 200 23307
::1 - - [17/Dec/2025:21:57:52 +0700] "GET /UAS-PEMWEB/profile.jpeg HTTP/1.1" 304 -
::1 - - [17/Dec/2025:21:58:09 +0700] "GET /UAS-PEMWEB/index.php HTTP/1.1" 200 8426
::1 - - [17/Dec/2025:21:58:09 +0700] "GET /UAS-PEMWEB/style.css HTTP/1.1" 200 23307
::1 - - [17/Dec/2025:21:59:09 +0700] "-" 408 -
127.0.0.1 - - [17/Dec/2025:22:02:28 +0700] "\x16\x03\x01\x06\xb9\x01" 400 226
127.0.0.1 - - [17/Dec/2025:22:02:28 +0700] "\x16\x03\x01\x07\x19\x01" 400 226
127.0.0.1 - - [17/Dec/2025:22:02:29 +0700] "\x16\x03\x01\x06\xd9\x01" 400 226
127.0.0.1 - - [17/Dec/2025:22:02:29 +0700] "\x16\x03\x01\x06\xd9\x01" 400 226
127.0.0.1 - - [17/Dec/2025:22:02:29 +0700] "\x16\x03\x01\x06\xd9\x01" 400 226
127.0.0.1 - - [17/Dec/2025:22:02:29 +0700] "\x16\x03\x01\x06\xb9\x01" 400 226
127.0.0.1 - - [17/Dec/2025:22:02:29 +0700] "\x16\x03\x01\x06\xb9\x01" 400 226
127.0.0.1 - - [17/Dec/2025:22:02:29 +0700] "\x16\x03\x01\x07\x19\x01" 400 226
127.0.0.1 - - [17/Dec/2025:22:02:29 +0700] "\x16\x03\x01\x07\x19\x01" 400 226
127.0.0.1 - - [17/Dec/2025:22:02:29 +0700] "\x16\x03\x01\x06\xb9\x01" 400 226
127.0.0.1 - - [17/Dec/2025:22:02:59 +0700] "\x16\x03\x01\x06\xf9\x01" 400 226
127.0.0.1 - - [17/Dec/2025:22:02:59 +0700] "\x16\x03\x01\x07\x19\x01" 400 226
127.0.0.1 - - [17/Dec/2025:22:03:11 +0700] "\x16\x03\x01\x06\xf9\x01" 400 226
127.0.0.1 - - [17/Dec/2025:22:03:11 +0700] "\x16\x03\x01\x06\xb9\x01" 400 226
127.0.0.1 - - [17/Dec/2025:22:03:11 +0700] "\x16\x03\x01\x06\xd9\x01" 400 226
127.0.0.1 - - [17/Dec/2025:22:03:11 +0700] "\x16\x03\x01\x07\x19\x01" 400 226
127.0.0.1 - - [17/Dec/2025:22:03:11 +0700] "\x16\x03\x01\x06\xd9\x01" 400 226
127.0.0.1 - - [17/Dec/2025:22:03:11 +0700] "\x16\x03\x01\x06\xf9\x01" 400 226
::1 - - [17/Dec/2025:22:08:07 +0700] "GET /UAS-PEMWEB/admin.php HTTP/1.1" 200 14361
::1 - - [17/Dec/2025:22:08:07 +0700] "GET /UAS-PEMWEB/style.css HTTP/1.1" 304 -
::1 - - [17/Dec/2025:22:08:14 +0700] "GET /UAS-PEMWEB/admin.php?action=add HTTP/1.1" 200 17550
::1 - - [17/Dec/2025:22:08:20 +0700] "GET /UAS-PEMWEB/admin.php HTTP/1.1" 200 14361
::1 - - [17/Dec/2025:22:08:24 +0700] "GET /UAS-PEMWEB/project-detail.php?id=7 HTTP/1.1" 200 5408
::1 - - [17/Dec/2025:22:08:24 +0700] "GET /UAS-PEMWEB/uploads/1765982730_MobileLegendsBangBang_MLBB_appstore_officialart-450x257.jpg HTTP/1.1" 304 -
::1 - - [17/Dec/2025:22:08:37 +0700] "GET /UAS-PEMWEB/index.php HTTP/1.1" 200 8426
::1 - - [17/Dec/2025:22:08:37 +0700] "GET /UAS-PEMWEB/profile.jpeg HTTP/1.1" 304 -
::1 - - [17/Dec/2025:22:09:37 +0700] "-" 408 -
::1 - - [17/Dec/2025:22:13:05 +0700] "GET /UAS-PEMWEB/index.php HTTP/1.1" 200 8402
::1 - - [17/Dec/2025:22:13:05 +0700] "GET /UAS-PEMWEB/style.css HTTP/1.1" 304 -
::1 - - [17/Dec/2025:22:13:05 +0700] "GET /UAS-PEMWEB/uploads/1765982730_MobileLegendsBangBang_MLBB_appstore_officialart-450x257.jpg HTTP/1.1" 304 -
::1 - - [17/Dec/2025:22:13:05 +0700] "GET /UAS-PEMWEB/profile.jpeg HTTP/1.1" 304 -
::1 - - [17/Dec/2025:22:13:09 +0700] "GET /UAS-PEMWEB/about.php HTTP/1.1" 200 20099
::1 - - [17/Dec/2025:22:22:38 +0700] "GET /UAS-PEMWEB/index.php HTTP/1.1" 200 8250
::1 - - [17/Dec/2025:22:22:38 +0700] "GET /UAS-PEMWEB/style.css HTTP/1.1" 304 -
::1 - - [17/Dec/2025:22:22:38 +0700] "GET /UAS-PEMWEB/uploads/1765982730_MobileLegendsBangBang_MLBB_appstore_officialart-450x257.jpg HTTP/1.1" 304 -
::1 - - [17/Dec/2025:22:22:38 +0700] "GET /UAS-PEMWEB/profile.jpeg HTTP/1.1" 304 -
::1 - - [17/Dec/2025:22:22:42 +0700] "GET /UAS-PEMWEB/about.php HTTP/1.1" 200 20109
::1 - - [17/Dec/2025:22:23:27 +0700] "GET /.well-known/appspecific/com.chrome.devtools.json HTTP/1.1" 404 196
::1 - - [17/Dec/2025:22:24:20 +0700] "GET /UAS-PEMWEB/about.php HTTP/1.1" 200 20098
::1 - - [17/Dec/2025:22:24:20 +0700] "GET /.well-known/appspecific/com.chrome.devtools.json HTTP/1.1" 404 196
::1 - - [17/Dec/2025:22:25:14 +0700] "GET /UAS-PEMWEB/about.php HTTP/1.1" 200 20098
::1 - - [17/Dec/2025:22:25:15 +0700] "GET /.well-known/appspecific/com.chrome.devtools.json HTTP/1.1" 404 196
::1 - - [17/Dec/2025:22:25:15 +0700] "GET /UAS-PEMWEB/style.css HTTP/1.1" 200 23452
::1 - - [17/Dec/2025:22:25:28 +0700] "GET /UAS-PEMWEB/about.php HTTP/1.1" 200 20098
::1 - - [17/Dec/2025:22:25:28 +0700] "GET /UAS-PEMWEB/style.css HTTP/1.1" 200 23454
::1 - - [17/Dec/2025:22:25:38 +0700] "GET /UAS-PEMWEB/about.php HTTP/1.1" 200 20098
::1 - - [17/Dec/2025:22:25:38 +0700] "GET /UAS-PEMWEB/style.css HTTP/1.1" 200 23452
::1 - - [17/Dec/2025:22:26:38 +0700] "-" 408 -
::1 - - [17/Dec/2025:22:32:02 +0700] "GET /UAS-PEMWEB/about.php HTTP/1.1" 200 20054
::1 - - [17/Dec/2025:22:32:02 +0700] "GET /UAS-PEMWEB/style.css HTTP/1.1" 304 -
::1 - - [17/Dec/2025:22:32:47 +0700] "GET /UAS-PEMWEB/about.php HTTP/1.1" 200 20074
::1 - - [17/Dec/2025:22:32:47 +0700] "GET /UAS-PEMWEB/style.css HTTP/1.1" 304 -
::1 - - [17/Dec/2025:22:32:47 +0700] "GET /UAS-PEMWEB/profile.jpeg HTTP/1.1" 304 -
::1 - - [17/Dec/2025:22:33:11 +0700] "GET /UAS-PEMWEB/about.php HTTP/1.1" 200 20054
::1 - - [17/Dec/2025:22:33:40 +0700] "GET /UAS-PEMWEB/about.php HTTP/1.1" 200 20054
::1 - - [17/Dec/2025:22:33:40 +0700] "GET /UAS-PEMWEB/style.css HTTP/1.1" 304 -
::1 - - [17/Dec/2025:22:34:20 +0700] "GET /UAS-PEMWEB/about.php HTTP/1.1" 200 20055
::1 - - [17/Dec/2025:22:35:20 +0700] "-" 408 -
::1 - - [17/Dec/2025:22:36:02 +0700] "GET /UAS-PEMWEB/about.php HTTP/1.1" 200 20055
::1 - - [17/Dec/2025:22:36:02 +0700] "GET /UAS-PEMWEB/style.css HTTP/1.1" 304 -
::1 - - [17/Dec/2025:22:36:20 +0700] "GET /UAS-PEMWEB/about.php HTTP/1.1" 200 20057
::1 - - [17/Dec/2025:22:36:45 +0700] "GET /UAS-PEMWEB/about.php HTTP/1.1" 200 20057
::1 - - [17/Dec/2025:22:37:45 +0700] "-" 408 -
::1 - - [17/Dec/2025:22:38:48 +0700] "GET /UAS-PEMWEB/about.php HTTP/1.1" 200 19978
::1 - - [17/Dec/2025:22:38:48 +0700] "GET /UAS-PEMWEB/style.css HTTP/1.1" 304 -
::1 - - [17/Dec/2025:22:39:11 +0700] "GET /UAS-PEMWEB/about.php HTTP/1.1" 200 19840
::1 - - [17/Dec/2025:22:39:11 +0700] "GET /UAS-PEMWEB/profile.jpeg HTTP/1.1" 304 -
::1 - - [17/Dec/2025:22:39:34 +0700] "GET /UAS-PEMWEB/about.php HTTP/1.1" 200 19819
::1 - - [17/Dec/2025:22:40:34 +0700] "-" 408 -
::1 - - [17/Dec/2025:22:40:35 +0700] "GET /UAS-PEMWEB/about.php HTTP/1.1" 200 19441
::1 - - [17/Dec/2025:22:40:35 +0700] "GET /UAS-PEMWEB/style.css HTTP/1.1" 304 -
::1 - - [17/Dec/2025:22:41:02 +0700] "GET /UAS-PEMWEB/about.php HTTP/1.1" 200 17478
::1 - - [17/Dec/2025:22:41:48 +0700] "GET /UAS-PEMWEB/about.php HTTP/1.1" 200 17463
::1 - - [17/Dec/2025:22:42:37 +0700] "GET /UAS-PEMWEB/about.php HTTP/1.1" 200 17464
::1 - - [17/Dec/2025:22:42:38 +0700] "GET /UAS-PEMWEB/style.css HTTP/1.1" 304 -
::1 - - [17/Dec/2025:22:43:10 +0700] "GET /UAS-PEMWEB/about.php HTTP/1.1" 200 17452
::1 - - [17/Dec/2025:22:44:10 +0700] "-" 408 -
::1 - - [17/Dec/2025:22:44:46 +0700] "GET /UAS-PEMWEB/about.php HTTP/1.1" 200 16982
::1 - - [17/Dec/2025:22:44:46 +0700] "GET /UAS-PEMWEB/style.css HTTP/1.1" 304 -
::1 - - [17/Dec/2025:22:44:46 +0700] "GET /UAS-PEMWEB/profile.jpeg HTTP/1.1" 304 -
::1 - - [17/Dec/2025:22:45:39 +0700] "GET /UAS-PEMWEB/about.php HTTP/1.1" 200 16666
::1 - - [17/Dec/2025:22:46:39 +0700] "-" 408 -
::1 - - [17/Dec/2025:22:47:06 +0700] "GET /UAS-PEMWEB/about.php HTTP/1.1" 200 16668
::1 - - [17/Dec/2025:22:47:06 +0700] "GET /UAS-PEMWEB/style.css HTTP/1.1" 304 -
::1 - - [17/Dec/2025:22:47:52 +0700] "GET /UAS-PEMWEB/about.php HTTP/1.1" 200 16672
::1 - - [17/Dec/2025:22:48:52 +0700] "-" 408 -
::1 - - [17/Dec/2025:22:49:31 +0700] "GET /UAS-PEMWEB/about.php HTTP/1.1" 200 16687
::1 - - [17/Dec/2025:22:49:31 +0700] "GET /UAS-PEMWEB/style.css HTTP/1.1" 304 -
::1 - - [17/Dec/2025:22:49:34 +0700] "GET /UAS-PEMWEB/about.php HTTP/1.1" 200 16687
::1 - - [17/Dec/2025:22:50:31 +0700] "-" 408 -
::1 - - [17/Dec/2025:22:51:02 +0700] "GET /UAS-PEMWEB/about.php HTTP/1.1" 200 16687
::1 - - [17/Dec/2025:22:52:02 +0700] "-" 408 -
::1 - - [17/Dec/2025:22:52:32 +0700] "GET /UAS-PEMWEB/about.php HTTP/1.1" 200 16689
::1 - - [17/Dec/2025:22:52:32 +0700] "GET /UAS-PEMWEB/style.css HTTP/1.1" 304 -
::1 - - [17/Dec/2025:22:52:32 +0700] "GET /UAS-PEMWEB/profile.jpeg HTTP/1.1" 304 -
::1 - - [17/Dec/2025:22:53:32 +0700] "-" 408 -
::1 - - [17/Dec/2025:22:55:52 +0700] "GET /UAS-PEMWEB/index.php HTTP/1.1" 200 8250
::1 - - [17/Dec/2025:22:55:53 +0700] "GET /UAS-PEMWEB/style.css HTTP/1.1" 304 -
::1 - - [17/Dec/2025:22:55:53 +0700] "GET /UAS-PEMWEB/uploads/1765982730_MobileLegendsBangBang_MLBB_appstore_officialart-450x257.jpg HTTP/1.1" 304 -
::1 - - [17/Dec/2025:22:56:52 +0700] "-" 408 -
::1 - - [17/Dec/2025:22:57:30 +0700] "GET /UAS-PEMWEB/index.php HTTP/1.1" 200 8250
::1 - - [17/Dec/2025:22:57:31 +0700] "GET /UAS-PEMWEB/index.php HTTP/1.1" 200 8250
::1 - - [17/Dec/2025:22:57:50 +0700] "GET /.well-known/appspecific/com.chrome.devtools.json HTTP/1.1" 404 196
::1 - - [17/Dec/2025:23:04:07 +0700] "GET /.well-known/appspecific/com.chrome.devtools.json HTTP/1.1" 404 196
::1 - - [17/Dec/2025:23:05:10 +0700] "GET /UAS-PEMWEB/index.php HTTP/1.1" 200 8249
::1 - - [17/Dec/2025:23:05:10 +0700] "GET /UAS-PEMWEB/style.css HTTP/1.1" 304 -
::1 - - [17/Dec/2025:23:05:10 +0700] "GET /UAS-PEMWEB/uploads/1765982730_MobileLegendsBangBang_MLBB_appstore_officialart-450x257.jpg HTTP/1.1" 304 -
::1 - - [17/Dec/2025:23:05:10 +0700] "GET /UAS-PEMWEB/profile.jpeg HTTP/1.1" 304 -
::1 - - [17/Dec/2025:23:16:16 +0700] "GET /UAS-PEMWEB/about.php HTTP/1.1" 200 16689
::1 - - [17/Dec/2025:23:16:16 +0700] "GET /UAS-PEMWEB/style.css HTTP/1.1" 304 -
::1 - - [17/Dec/2025:23:16:16 +0700] "GET /UAS-PEMWEB/profile.jpeg HTTP/1.1" 304 -
::1 - - [17/Dec/2025:23:16:23 +0700] "GET /UAS-PEMWEB/project.php HTTP/1.1" 200 8900
::1 - - [17/Dec/2025:23:16:24 +0700] "GET /UAS-PEMWEB/uploads/1765982730_MobileLegendsBangBang_MLBB_appstore_officialart-450x257.jpg HTTP/1.1" 304 -
::1 - - [17/Dec/2025:23:17:24 +0700] "-" 408 -
